#
# There is insufficient memory for the Java Runtime Environment to continue.
# Native memory allocation (malloc) failed to allocate 256656 bytes for Chunk::new
# Possible reasons:
#   The system is out of physical RAM or swap space
#   In 32 bit mode, the process size limit was hit
# Possible solutions:
#   Reduce memory load on the system
#   Increase physical memory or swap space
#   Check if swap backing store is full
#   Use 64 bit Java on a 64 bit OS
#   Decrease Java heap size (-Xmx/-Xms)
#   Decrease number of Java threads
#   Decrease Java thread stack sizes (-Xss)
#   Set larger code cache with -XX:ReservedCodeCacheSize=
# This output file may be truncated or incomplete.
#
#  Out of Memory Error (allocation.cpp:390), pid=20624, tid=0x00000000000049d8
#
# JRE version: Java(TM) SE Runtime Environment (8.0_161-b12) (build 1.8.0_161-b12)
# Java VM: Java HotSpot(TM) 64-Bit Server VM (25.161-b12 mixed mode windows-amd64 compressed oops)
# Failed to write core dump. Minidumps are not enabled by default on client versions of Windows
#

---------------  T H R E A D  ---------------

Current thread (0x000000001b275000):  JavaThread "C2 CompilerThread0" daemon [_thread_in_native, id=18904, stack(0x000000001b940000,0x000000001ba40000)]

Stack: [0x000000001b940000,0x000000001ba40000]
[error occurred during error reporting (printing stack bounds), id 0xc0000005]

Native frames: (J=compiled Java code, j=interpreted, Vv=VM code, C=native code)


Current CompileTask:
C2:   2606 1848       4       org.eclipse.sisu.inject.LocatedBeans$Itr::hasNext (161 bytes)


---------------  P R O C E S S  ---------------

Java Threads: ( => current thread )
  0x000000001b326000 JavaThread "Service Thread" daemon [_thread_blocked, id=14760, stack(0x000000001bc40000,0x000000001bd40000)]
  0x000000001b27a000 JavaThread "C1 CompilerThread2" daemon [_thread_in_vm, id=21068, stack(0x000000001bb40000,0x000000001bc40000)]
  0x000000001b278800 JavaThread "C2 CompilerThread1" daemon [_thread_in_native, id=15284, stack(0x000000001ba40000,0x000000001bb40000)]
=>0x000000001b275000 JavaThread "C2 CompilerThread0" daemon [_thread_in_native, id=18904, stack(0x000000001b940000,0x000000001ba40000)]
  0x000000001b272800 JavaThread "Monitor Ctrl-Break" daemon [_thread_in_native, id=20740, stack(0x000000001b840000,0x000000001b940000)]
  0x0000000019e9f000 JavaThread "Attach Listener" daemon [_thread_blocked, id=15092, stack(0x000000001b740000,0x000000001b840000)]
  0x0000000019e9e000 JavaThread "Signal Dispatcher" daemon [_thread_blocked, id=20528, stack(0x000000001b640000,0x000000001b740000)]
  0x0000000002e0c000 JavaThread "Finalizer" daemon [_thread_blocked, id=6112, stack(0x000000001b0e0000,0x000000001b1e0000)]
  0x0000000019e59000 JavaThread "Reference Handler" daemon [_thread_blocked, id=22240, stack(0x000000001afe0000,0x000000001b0e0000)]
  0x0000000002d12800 JavaThread "main" [_thread_in_Java, id=22328, stack(0x0000000002ac0000,0x0000000002bc0000)]

Other Threads:
  0x0000000019e58000 VMThread [stack: 0x000000001aee0000,0x000000001afe0000] [id=17484]
  0x000000001b39b800 WatcherThread [stack: 0x000000001bd40000,0x000000001be40000] [id=21344]

VM state:not at safepoint (normal execution)

VM Mutex/Monitor currently owned by a thread: None

Heap:
 PSYoungGen      total 57344K, used 14245K [0x0000000780980000, 0x0000000784980000, 0x00000007c0000000)
  eden space 49152K, 12% used [0x0000000780980000,0x0000000780f6ef90,0x0000000783980000)
  from space 8192K, 99% used [0x0000000784180000,0x000000078497a648,0x0000000784980000)
  to   space 8192K, 0% used [0x0000000783980000,0x0000000783980000,0x0000000784180000)
 ParOldGen       total 131072K, used 897K [0x0000000701c00000, 0x0000000709c00000, 0x0000000780980000)
  object space 131072K, 0% used [0x0000000701c00000,0x0000000701ce05d0,0x0000000709c00000)
 Metaspace       used 15457K, capacity 15760K, committed 16128K, reserved 1062912K
  class space    used 1886K, capacity 1975K, committed 2048K, reserved 1048576K

Card table byte_map: [0x00000000121d0000,0x00000000127d0000] byte_map_base: 0x000000000e9c2000

Marking Bits: (ParMarkBitMap*) 0x000000005123f860
 Begin Bits: [0x0000000012fd0000, 0x0000000015f60000)
 End Bits:   [0x0000000015f60000, 0x0000000018ef0000)

Polling page: 0x00000000005f0000

CodeCache: size=245760Kb used=6309Kb max_used=6309Kb free=239450Kb
 bounds [0x0000000002e10000, 0x0000000003440000, 0x0000000011e10000]
 total_blobs=2224 nmethods=1861 adapters=276
 compilation: enabled

Compilation events (10 events):
Event: 2.599 Thread 0x000000001b27a000 nmethod 1860 0x000000000343bc90 code [0x000000000343bde0, 0x000000000343bef0]
Event: 2.600 Thread 0x000000001b27a000 1861       3       com.google.common.cache.LocalCache$Segment::recordWrite (72 bytes)
Event: 2.601 Thread 0x000000001b27a000 nmethod 1861 0x000000000343bf50 code [0x000000000343c140, 0x000000000343caa8]
Event: 2.601 Thread 0x000000001b27a000 1862       3       com.google.common.cache.LocalCache$LoadingValueReference::notifyNewValue (21 bytes)
Event: 2.601 Thread 0x000000001b27a000 nmethod 1862 0x000000000343ce10 code [0x000000000343cfa0, 0x000000000343d348]
Event: 2.601 Thread 0x000000001b27a000 1863       3       com.google.common.cache.LocalCache$Segment::evictEntries (106 bytes)
Event: 2.602 Thread 0x000000001b27a000 nmethod 1863 0x000000000343d4d0 code [0x000000000343d720, 0x000000000343e1f8]
Event: 2.603 Thread 0x000000001b27a000 1864       1       org.apache.maven.model.ConfigurationContainer::getConfiguration (5 bytes)
Event: 2.603 Thread 0x000000001b27a000 nmethod 1864 0x000000000343e690 code [0x000000000343e7e0, 0x000000000343e8f0]
Event: 2.603 Thread 0x000000001b27a000 1865       3       org.apache.maven.model.validation.DefaultModelValidator::validateEffectiveDependency (732 bytes)

GC Heap History (4 events):
Event: 1.370 GC heap before
{Heap before GC invocations=1 (full 0):
 PSYoungGen      total 57344K, used 49152K [0x0000000780980000, 0x0000000784980000, 0x00000007c0000000)
  eden space 49152K, 100% used [0x0000000780980000,0x0000000783980000,0x0000000783980000)
  from space 8192K, 0% used [0x0000000784180000,0x0000000784180000,0x0000000784980000)
  to   space 8192K, 0% used [0x0000000783980000,0x0000000783980000,0x0000000784180000)
 ParOldGen       total 131072K, used 0K [0x0000000701c00000, 0x0000000709c00000, 0x0000000780980000)
  object space 131072K, 0% used [0x0000000701c00000,0x0000000701c00000,0x0000000709c00000)
 Metaspace       used 9843K, capacity 10008K, committed 10240K, reserved 1058816K
  class space    used 1201K, capacity 1247K, committed 1280K, reserved 1048576K
Event: 1.377 GC heap after
Heap after GC invocations=1 (full 0):
 PSYoungGen      total 57344K, used 7022K [0x0000000780980000, 0x0000000784980000, 0x00000007c0000000)
  eden space 49152K, 0% used [0x0000000780980000,0x0000000780980000,0x0000000783980000)
  from space 8192K, 85% used [0x0000000783980000,0x000000078405b988,0x0000000784180000)
  to   space 8192K, 0% used [0x0000000784180000,0x0000000784180000,0x0000000784980000)
 ParOldGen       total 131072K, used 16K [0x0000000701c00000, 0x0000000709c00000, 0x0000000780980000)
  object space 131072K, 0% used [0x0000000701c00000,0x0000000701c04000,0x0000000709c00000)
 Metaspace       used 9843K, capacity 10008K, committed 10240K, reserved 1058816K
  class space    used 1201K, capacity 1247K, committed 1280K, reserved 1048576K
}
Event: 2.484 GC heap before
{Heap before GC invocations=2 (full 0):
 PSYoungGen      total 57344K, used 56174K [0x0000000780980000, 0x0000000784980000, 0x00000007c0000000)
  eden space 49152K, 100% used [0x0000000780980000,0x0000000783980000,0x0000000783980000)
  from space 8192K, 85% used [0x0000000783980000,0x000000078405b988,0x0000000784180000)
  to   space 8192K, 0% used [0x0000000784180000,0x0000000784180000,0x0000000784980000)
 ParOldGen       total 131072K, used 16K [0x0000000701c00000, 0x0000000709c00000, 0x0000000780980000)
  object space 131072K, 0% used [0x0000000701c00000,0x0000000701c04000,0x0000000709c00000)
 Metaspace       used 15147K, capacity 15396K, committed 15616K, reserved 1062912K
  class space    used 1866K, capacity 1941K, committed 2048K, reserved 1048576K
Event: 2.496 GC heap after
Heap after GC invocations=2 (full 0):
 PSYoungGen      total 57344K, used 8169K [0x0000000780980000, 0x0000000784980000, 0x00000007c0000000)
  eden space 49152K, 0% used [0x0000000780980000,0x0000000780980000,0x0000000783980000)
  from space 8192K, 99% used [0x0000000784180000,0x000000078497a648,0x0000000784980000)
  to   space 8192K, 0% used [0x0000000783980000,0x0000000783980000,0x0000000784180000)
 ParOldGen       total 131072K, used 897K [0x0000000701c00000, 0x0000000709c00000, 0x0000000780980000)
  object space 131072K, 0% used [0x0000000701c00000,0x0000000701ce05d0,0x0000000709c00000)
 Metaspace       used 15147K, capacity 15396K, committed 15616K, reserved 1062912K
  class space    used 1866K, capacity 1941K, committed 2048K, reserved 1048576K
}

Deoptimization events (10 events):
Event: 1.976 Thread 0x0000000002d12800 Uncommon trap: reason=bimorphic action=maybe_recompile pc=0x00000000031c0e8c method=java.util.HashMap.putVal(ILjava/lang/Object;Ljava/lang/Object;ZZ)Ljava/lang/Object; @ 203
Event: 1.976 Thread 0x0000000002d12800 Uncommon trap: reason=bimorphic action=maybe_recompile pc=0x00000000031c0e8c method=java.util.HashMap.putVal(ILjava/lang/Object;Ljava/lang/Object;ZZ)Ljava/lang/Object; @ 203
Event: 1.976 Thread 0x0000000002d12800 Uncommon trap: reason=bimorphic action=maybe_recompile pc=0x00000000031c0e8c method=java.util.HashMap.putVal(ILjava/lang/Object;Ljava/lang/Object;ZZ)Ljava/lang/Object; @ 203
Event: 2.017 Thread 0x0000000002d12800 Uncommon trap: reason=unstable_if action=reinterpret pc=0x0000000003281218 method=java.lang.reflect.Modifier.isSynthetic(I)Z @ 5
Event: 2.017 Thread 0x0000000002d12800 Uncommon trap: reason=unstable_if action=reinterpret pc=0x00000000032b6db0 method=java.lang.reflect.Modifier.isSynthetic(I)Z @ 5
Event: 2.091 Thread 0x0000000002d12800 Uncommon trap: reason=null_check action=make_not_entrant pc=0x0000000002f1f67c method=java.lang.String.equals(Ljava/lang/Object;)Z @ 8
Event: 2.409 Thread 0x0000000002d12800 Uncommon trap: reason=unstable_if action=reinterpret pc=0x00000000030e0c84 method=sun.nio.cs.UTF_8$Decoder.decodeArrayLoop(Ljava/nio/ByteBuffer;Ljava/nio/CharBuffer;)Ljava/nio/charset/CoderResult; @ 84
Event: 2.463 Thread 0x0000000002d12800 Uncommon trap: reason=unstable_if action=reinterpret pc=0x0000000002fda390 method=java.lang.String.replace(CC)Ljava/lang/String; @ 2
Event: 2.476 Thread 0x0000000002d12800 Uncommon trap: reason=unstable_if action=reinterpret pc=0x0000000003087e98 method=java.lang.AbstractStringBuilder.append(Ljava/lang/String;)Ljava/lang/AbstractStringBuilder; @ 1
Event: 2.476 Thread 0x0000000002d12800 Uncommon trap: reason=unstable_if action=reinterpret pc=0x0000000003035b10 method=java.lang.AbstractStringBuilder.append(Ljava/lang/String;)Ljava/lang/AbstractStringBuilder; @ 1

Classes redefined (0 events):
No events

Internal exceptions (10 events):
Event: 1.047 Thread 0x0000000002d12800 Exception <a 'java/lang/ArrayIndexOutOfBoundsException'> (0x0000000782326bc0) thrown at [C:\re\workspace\8-2-build-windows-amd64-cygwin\jdk8u161\10277\hotspot\src\share\vm\runtime\sharedRuntime.cpp, line 605]
Event: 1.218 Thread 0x0000000002d12800 Exception <a 'java/lang/ArrayIndexOutOfBoundsException'> (0x0000000782f55528) thrown at [C:\re\workspace\8-2-build-windows-amd64-cygwin\jdk8u161\10277\hotspot\src\share\vm\runtime\sharedRuntime.cpp, line 605]
Event: 1.219 Thread 0x0000000002d12800 Exception <a 'java/lang/ArrayIndexOutOfBoundsException'> (0x0000000782f59e70) thrown at [C:\re\workspace\8-2-build-windows-amd64-cygwin\jdk8u161\10277\hotspot\src\share\vm\runtime\sharedRuntime.cpp, line 605]
Event: 1.293 Thread 0x0000000002d12800 Exception <a 'java/lang/ArrayIndexOutOfBoundsException': 66> (0x0000000783274d78) thrown at [C:\re\workspace\8-2-build-windows-amd64-cygwin\jdk8u161\10277\hotspot\src\share\vm\interpreter\interpreterRuntime.cpp, line 366]
Event: 1.967 Thread 0x0000000002d12800 Exception <a 'java/lang/NoClassDefFoundError': com/google/inject/servlet/ServletModuleTargetVisitor> (0x0000000782c129f0) thrown at [C:\re\workspace\8-2-build-windows-amd64-cygwin\jdk8u161\10277\hotspot\src\share\vm\classfile\systemDictionary.cpp, line 19
Event: 1.967 Thread 0x0000000002d12800 Exception <a 'java/lang/NoClassDefFoundError'> (0x0000000782c129f0) thrown at [C:\re\workspace\8-2-build-windows-amd64-cygwin\jdk8u161\10277\hotspot\src\share\vm\prims\jvm.cpp, line 1394]
Event: 1.967 Thread 0x0000000002d12800 Exception <a 'java/lang/NoClassDefFoundError': javax/annotation/Priority> (0x0000000782c175b8) thrown at [C:\re\workspace\8-2-build-windows-amd64-cygwin\jdk8u161\10277\hotspot\src\share\vm\classfile\systemDictionary.cpp, line 199]
Event: 2.091 Thread 0x0000000002d12800 Implicit null exception at 0x0000000002f1f495 to 0x0000000002f1f66d
Event: 2.476 Thread 0x0000000002d12800 Implicit null exception at 0x0000000003087ad6 to 0x0000000003087e81
Event: 2.476 Thread 0x0000000002d12800 Implicit null exception at 0x0000000003035756 to 0x0000000003035af9

Events (10 events):
Event: 2.559 loading class org/apache/maven/artifact/InvalidArtifactRTException
Event: 2.559 loading class org/apache/maven/artifact/InvalidArtifactRTException done
Event: 2.560 loading class org/apache/maven/artifact/versioning/Restriction
Event: 2.560 loading class org/apache/maven/artifact/versioning/Restriction done
Event: 2.571 loading class org/apache/maven/artifact/resolver/filter/ExcludesArtifactFilter
Event: 2.571 loading class org/apache/maven/artifact/resolver/filter/ExcludesArtifactFilter done
Event: 2.572 loading class org/apache/maven/artifact/resolver/filter/IncludesArtifactFilter
Event: 2.572 loading class org/apache/maven/artifact/resolver/filter/IncludesArtifactFilter done
Event: 2.580 loading class org/apache/maven/project/DefaultProjectBuildingResult
Event: 2.580 loading class org/apache/maven/project/DefaultProjectBuildingResult done


Dynamic libraries:
0x00007ff743990000 - 0x00007ff7439c7000 	C:\Program Files\Java\jdk1.8.0_161\bin\java.exe
0x00007ffc68ce0000 - 0x00007ffc68ec1000 	C:\WINDOWS\SYSTEM32\ntdll.dll
0x00007ffc66170000 - 0x00007ffc66221000 	C:\WINDOWS\System32\KERNEL32.DLL
0x00007ffc65b90000 - 0x00007ffc65e03000 	C:\WINDOWS\System32\KERNELBASE.dll
0x00007ffc66230000 - 0x00007ffc662d1000 	C:\WINDOWS\System32\ADVAPI32.dll
0x00007ffc66470000 - 0x00007ffc6650e000 	C:\WINDOWS\System32\msvcrt.dll
0x00007ffc66510000 - 0x00007ffc6656b000 	C:\WINDOWS\System32\sechost.dll
0x00007ffc662e0000 - 0x00007ffc66404000 	C:\WINDOWS\System32\RPCRT4.dll
0x00007ffc68ac0000 - 0x00007ffc68c50000 	C:\WINDOWS\System32\USER32.dll
0x00007ffc651c0000 - 0x00007ffc651e0000 	C:\WINDOWS\System32\win32u.dll
0x00007ffc68900000 - 0x00007ffc68928000 	C:\WINDOWS\System32\GDI32.dll
0x00007ffc65fc0000 - 0x00007ffc66151000 	C:\WINDOWS\System32\gdi32full.dll
0x00007ffc65120000 - 0x00007ffc651bf000 	C:\WINDOWS\System32\msvcp_win.dll
0x00007ffc65e10000 - 0x00007ffc65f08000 	C:\WINDOWS\System32\ucrtbase.dll
0x00007ffc59fb0000 - 0x00007ffc5a219000 	C:\WINDOWS\WinSxS\amd64_microsoft.windows.common-controls_6595b64144ccf1df_6.0.17134.1067_none_d401a3eb7c8ebdea\COMCTL32.dll
0x00007ffc685d0000 - 0x00007ffc688f1000 	C:\WINDOWS\System32\combase.dll
0x00007ffc650a0000 - 0x00007ffc65119000 	C:\WINDOWS\System32\bcryptPrimitives.dll
0x00007ffc68940000 - 0x00007ffc6896d000 	C:\WINDOWS\System32\IMM32.DLL
0x0000000052220000 - 0x00000000522f2000 	C:\Program Files\Java\jdk1.8.0_161\jre\bin\msvcr100.dll
0x0000000050a20000 - 0x00000000512bf000 	C:\Program Files\Java\jdk1.8.0_161\jre\bin\server\jvm.dll
0x00007ffc66160000 - 0x00007ffc66168000 	C:\WINDOWS\System32\PSAPI.DLL
0x00007ffc55250000 - 0x00007ffc55259000 	C:\WINDOWS\SYSTEM32\WSOCK32.dll
0x00007ffc631b0000 - 0x00007ffc631d3000 	C:\WINDOWS\SYSTEM32\WINMM.dll
0x00007ffc60700000 - 0x00007ffc6070a000 	C:\WINDOWS\SYSTEM32\VERSION.dll
0x00007ffc66860000 - 0x00007ffc668cc000 	C:\WINDOWS\System32\WS2_32.dll
0x00007ffc63170000 - 0x00007ffc6319a000 	C:\WINDOWS\SYSTEM32\winmmbase.dll
0x00007ffc65ae0000 - 0x00007ffc65b29000 	C:\WINDOWS\System32\cfgmgr32.dll
0x0000000052210000 - 0x000000005221f000 	C:\Program Files\Java\jdk1.8.0_161\jre\bin\verify.dll
0x00000000521e0000 - 0x0000000052209000 	C:\Program Files\Java\jdk1.8.0_161\jre\bin\java.dll
0x0000000052100000 - 0x0000000052123000 	C:\Program Files\Java\jdk1.8.0_161\jre\bin\instrument.dll
0x00000000521c0000 - 0x00000000521d6000 	C:\Program Files\Java\jdk1.8.0_161\jre\bin\zip.dll
0x00007ffc67180000 - 0x00007ffc685c4000 	C:\WINDOWS\System32\SHELL32.dll
0x00007ffc68a10000 - 0x00007ffc68ab9000 	C:\WINDOWS\System32\shcore.dll
0x00007ffc651e0000 - 0x00007ffc658f0000 	C:\WINDOWS\System32\windows.storage.dll
0x00007ffc68c50000 - 0x00007ffc68ca1000 	C:\WINDOWS\System32\shlwapi.dll
0x00007ffc65040000 - 0x00007ffc65051000 	C:\WINDOWS\System32\kernel.appcore.dll
0x00007ffc65080000 - 0x00007ffc6509f000 	C:\WINDOWS\System32\profapi.dll
0x00007ffc64ff0000 - 0x00007ffc6503c000 	C:\WINDOWS\System32\powrprof.dll
0x00007ffc64fe0000 - 0x00007ffc64fea000 	C:\WINDOWS\System32\FLTLIB.DLL
0x00007ffc60d30000 - 0x00007ffc60d4a000 	E:\idea1.8\IntelliJ IDEA 2019.2.1\bin\breakgen64.dll
0x00000000521a0000 - 0x00000000521ba000 	C:\Program Files\Java\jdk1.8.0_161\jre\bin\net.dll
0x00007ffc64860000 - 0x00007ffc648c6000 	C:\WINDOWS\system32\mswsock.dll
0x00007ffc64a10000 - 0x00007ffc64a27000 	C:\WINDOWS\SYSTEM32\CRYPTSP.dll
0x00007ffc64410000 - 0x00007ffc64443000 	C:\WINDOWS\system32\rsaenh.dll
0x00007ffc64b40000 - 0x00007ffc64b65000 	C:\WINDOWS\SYSTEM32\bcrypt.dll
0x00007ffc64ee0000 - 0x00007ffc64f08000 	C:\WINDOWS\SYSTEM32\USERENV.dll
0x00007ffc64a30000 - 0x00007ffc64a3b000 	C:\WINDOWS\SYSTEM32\CRYPTBASE.dll
0x00007ffc645b0000 - 0x00007ffc645e8000 	C:\WINDOWS\SYSTEM32\IPHLPAPI.DLL
0x00007ffc66ee0000 - 0x00007ffc66ee8000 	C:\WINDOWS\System32\NSI.dll
0x00007ffc5ff30000 - 0x00007ffc5ff46000 	C:\WINDOWS\SYSTEM32\dhcpcsvc6.DLL
0x00007ffc5fdb0000 - 0x00007ffc5fdca000 	C:\WINDOWS\SYSTEM32\dhcpcsvc.DLL
0x0000000052180000 - 0x0000000052191000 	C:\Program Files\Java\jdk1.8.0_161\jre\bin\nio.dll
0x00007ffc60e30000 - 0x00007ffc60e3a000 	C:\Users\shinelon\AppData\Local\Temp\jansi-1.17.1-89060899026697237.dll
0x00007ffc60da0000 - 0x00007ffc60daa000 	C:\Users\shinelon\AppData\Local\Temp\jansi-1.17.1-5274242292269350338.dll

VM Arguments:
jvm_args: -Dmaven.multiModuleProjectDirectory=E:\sz78\health_parent -Dmaven.home=E:\Tomcat\maven\apache-maven-3.5.4 -Dclassworlds.conf=E:\Tomcat\maven\apache-maven-3.5.4\bin\m2.conf -Dmaven.ext.class.path=E:\idea1.8\IntelliJ IDEA 2019.2.1\plugins\maven\lib\maven-event-listener.jar -javaagent:E:\idea1.8\IntelliJ IDEA 2019.2.1\lib\idea_rt.jar=51921:E:\idea1.8\IntelliJ IDEA 2019.2.1\bin -Dfile.encoding=UTF-8 
java_command: org.codehaus.classworlds.Launcher -Didea.version2019.2.1 -s E:\Tomcat\maven\apache-maven-3.5.4\conf\settings.xml -Dmaven.repo.local=E:\Tomcat\maven1\repository clean
java_class_path (initial): E:\Tomcat\maven\apache-maven-3.5.4\boot\plexus-classworlds-2.5.2.jar;E:\idea1.8\IntelliJ IDEA 2019.2.1\lib\idea_rt.jar
Launcher Type: SUN_STANDARD

Environment Variables:
JAVA_HOME=C:\Program Files\Java\jdk1.8.0_161
PATH=E:\Tomcat\maven\apache-maven-3.5.4\bin;C:\Program Files\Java\jdk1.8.0_161\bin;C:\Program Files (x86)\Common Files\Oracle\Java\javapath;C:\ProgramData\Oracle\Java\javapath;C:\WINDOWS\system32;E:\Mysqlanzhuang\bin;E:\Tomcat\SecureCRT\;C:\Users\shinelon\AppData\Local\Microsoft\WindowsApps;C:\Program Files\Bandizip\;
USERNAME=shinelon
OS=Windows_NT
PROCESSOR_IDENTIFIER=Intel64 Family 6 Model 158 Stepping 9, GenuineIntel



---------------  S Y S T E M  ---------------

OS: Windows 10.0 , 64 bit Build 17134 (10.0.17134.753)

CPU:total 4 (initial active 4) (2 cores per cpu, 2 threads per core) family 6 model 158 stepping 9, cmov, cx8, fxsr, mmx, sse, sse2, sse3, ssse3, sse4.1, sse4.2, popcnt, aes, clmul, erms, 3dnowpref, lzcnt, ht, tsc, tscinvbit

Memory: 4k page, physical 12466544k(4467788k free), swap 12466544k(5132k free)

vm_info: Java HotSpot(TM) 64-Bit Server VM (25.161-b12) for windows-amd64 JRE (1.8.0_161-b12), built on Dec 19 2017 17:52:25 by "java_re" with MS VC++ 10.0 (VS2010)

time: Sun Nov 10 20:34:57 2019
elapsed time: 2 seconds (0d 0h 0m 2s)

