#
# There is insufficient memory for the Java Runtime Environment to continue.
# Native memory allocation (malloc) failed to allocate 799696 bytes for Chunk::new
# Possible reasons:
#   The system is out of physical RAM or swap space
#   In 32 bit mode, the process size limit was hit
# Possible solutions:
#   Reduce memory load on the system
#   Increase physical memory or swap space
#   Check if swap backing store is full
#   Use 64 bit Java on a 64 bit OS
#   Decrease Java heap size (-Xmx/-Xms)
#   Decrease number of Java threads
#   Decrease Java thread stack sizes (-Xss)
#   Set larger code cache with -XX:ReservedCodeCacheSize=
# This output file may be truncated or incomplete.
#
#  Out of Memory Error (allocation.cpp:390), pid=28848, tid=0x00000000000076e4
#
# JRE version: Java(TM) SE Runtime Environment (8.0_161-b12) (build 1.8.0_161-b12)
# Java VM: Java HotSpot(TM) 64-Bit Server VM (25.161-b12 mixed mode windows-amd64 compressed oops)
# Failed to write core dump. Minidumps are not enabled by default on client versions of Windows
#

---------------  T H R E A D  ---------------

Current thread (0x000000001bb21000):  JavaThread "C2 CompilerThread0" daemon [_thread_in_native, id=30436, stack(0x000000001c1e0000,0x000000001c2e0000)]

Stack: [0x000000001c1e0000,0x000000001c2e0000]
[error occurred during error reporting (printing stack bounds), id 0xc0000005]

Native frames: (J=compiled Java code, j=interpreted, Vv=VM code, C=native code)


Current CompileTask:
C2:   2342 1412   !   4       java.net.URLClassLoader$1::run (63 bytes)


---------------  P R O C E S S  ---------------

Java Threads: ( => current thread )
  0x000000001bbc8000 JavaThread "Service Thread" daemon [_thread_blocked, id=33188, stack(0x000000001c4e0000,0x000000001c5e0000)]
  0x000000001bb7b000 JavaThread "C1 CompilerThread2" daemon [_thread_in_native, id=33964, stack(0x000000001c3e0000,0x000000001c4e0000)]
  0x000000001bb24000 JavaThread "C2 CompilerThread1" daemon [_thread_in_native, id=33316, stack(0x000000001c2e0000,0x000000001c3e0000)]
=>0x000000001bb21000 JavaThread "C2 CompilerThread0" daemon [_thread_in_native, id=30436, stack(0x000000001c1e0000,0x000000001c2e0000)]
  0x000000001bb1e800 JavaThread "Monitor Ctrl-Break" daemon [_thread_in_native, id=36352, stack(0x000000001c0e0000,0x000000001c1e0000)]
  0x000000001a740000 JavaThread "Attach Listener" daemon [_thread_blocked, id=36408, stack(0x000000001bfe0000,0x000000001c0e0000)]
  0x000000001a73f000 JavaThread "Signal Dispatcher" daemon [_thread_blocked, id=35432, stack(0x000000001bee0000,0x000000001bfe0000)]
  0x000000001a719800 JavaThread "Finalizer" daemon [_thread_blocked, id=25356, stack(0x000000001b980000,0x000000001ba80000)]
  0x00000000036a4000 JavaThread "Reference Handler" daemon [_thread_blocked, id=35808, stack(0x000000001b880000,0x000000001b980000)]
  0x00000000035b2800 JavaThread "main" [_thread_in_Java, id=33096, stack(0x00000000033b0000,0x00000000034b0000)]

Other Threads:
  0x000000001a6f8000 VMThread [stack: 0x000000001b780000,0x000000001b880000] [id=34864]
  0x000000001a788000 WatcherThread [stack: 0x000000001c5e0000,0x000000001c6e0000] [id=33524]

VM state:not at safepoint (normal execution)

VM Mutex/Monitor currently owned by a thread: None

Heap:
 PSYoungGen      total 57344K, used 48101K [0x0000000780980000, 0x0000000784980000, 0x00000007c0000000)
  eden space 49152K, 83% used [0x0000000780980000,0x00000007831a0f90,0x0000000783980000)
  from space 8192K, 85% used [0x0000000783980000,0x0000000784058708,0x0000000784180000)
  to   space 8192K, 0% used [0x0000000784180000,0x0000000784180000,0x0000000784980000)
 ParOldGen       total 131072K, used 8K [0x0000000701c00000, 0x0000000709c00000, 0x0000000780980000)
  object space 131072K, 0% used [0x0000000701c00000,0x0000000701c02000,0x0000000709c00000)
 Metaspace       used 14014K, capacity 14272K, committed 14464K, reserved 1062912K
  class space    used 1752K, capacity 1845K, committed 1920K, reserved 1048576K

Card table byte_map: [0x0000000012a70000,0x0000000013070000] byte_map_base: 0x000000000f262000

Marking Bits: (ParMarkBitMap*) 0x0000000072dcf860
 Begin Bits: [0x0000000013870000, 0x0000000016800000)
 End Bits:   [0x0000000016800000, 0x0000000019790000)

Polling page: 0x0000000000ff0000

CodeCache: size=245760Kb used=5501Kb max_used=5501Kb free=240258Kb
 bounds [0x00000000036b0000, 0x0000000003c20000, 0x00000000126b0000]
 total_blobs=1901 nmethods=1548 adapters=266
 compilation: enabled

Compilation events (10 events):
Event: 2.339 Thread 0x000000001bb7b000 1544   !   3       org.slf4j.impl.SimpleLoggerConfiguration::getStringProperty (28 bytes)
Event: 2.339 Thread 0x000000001bb7b000 nmethod 1544 0x0000000003c102d0 code [0x0000000003c10480, 0x0000000003c109f8]
Event: 2.339 Thread 0x000000001bb7b000 1543       1       com.google.inject.spi.InjectionPoint::getDeclaringType (5 bytes)
Event: 2.339 Thread 0x000000001bb7b000 nmethod 1543 0x0000000003c10c90 code [0x0000000003c10de0, 0x0000000003c10ef0]
Event: 2.340 Thread 0x000000001bb7b000 1545       1       org.eclipse.sisu.bean.LifecycleManager::manage (2 bytes)
Event: 2.340 Thread 0x000000001bb7b000 nmethod 1545 0x0000000003c10f50 code [0x0000000003c110a0, 0x0000000003c111b0]
Event: 2.340 Thread 0x000000001bb7b000 1546       1       org.eclipse.sisu.plexus.RequirementImpl::hint (5 bytes)
Event: 2.340 Thread 0x000000001bb7b000 nmethod 1546 0x0000000003c11210 code [0x0000000003c11360, 0x0000000003c11470]
Event: 2.340 Thread 0x000000001bb7b000 1547       1       org.eclipse.sisu.plexus.RequirementImpl::optional (5 bytes)
Event: 2.340 Thread 0x000000001bb7b000 nmethod 1547 0x0000000003c114d0 code [0x0000000003c11620, 0x0000000003c11730]

GC Heap History (2 events):
Event: 1.670 GC heap before
{Heap before GC invocations=1 (full 0):
 PSYoungGen      total 57344K, used 49152K [0x0000000780980000, 0x0000000784980000, 0x00000007c0000000)
  eden space 49152K, 100% used [0x0000000780980000,0x0000000783980000,0x0000000783980000)
  from space 8192K, 0% used [0x0000000784180000,0x0000000784180000,0x0000000784980000)
  to   space 8192K, 0% used [0x0000000783980000,0x0000000783980000,0x0000000784180000)
 ParOldGen       total 131072K, used 0K [0x0000000701c00000, 0x0000000709c00000, 0x0000000780980000)
  object space 131072K, 0% used [0x0000000701c00000,0x0000000701c00000,0x0000000709c00000)
 Metaspace       used 9875K, capacity 10008K, committed 10240K, reserved 1058816K
  class space    used 1198K, capacity 1247K, committed 1280K, reserved 1048576K
Event: 1.677 GC heap after
Heap after GC invocations=1 (full 0):
 PSYoungGen      total 57344K, used 7009K [0x0000000780980000, 0x0000000784980000, 0x00000007c0000000)
  eden space 49152K, 0% used [0x0000000780980000,0x0000000780980000,0x0000000783980000)
  from space 8192K, 85% used [0x0000000783980000,0x0000000784058708,0x0000000784180000)
  to   space 8192K, 0% used [0x0000000784180000,0x0000000784180000,0x0000000784980000)
 ParOldGen       total 131072K, used 8K [0x0000000701c00000, 0x0000000709c00000, 0x0000000780980000)
  object space 131072K, 0% used [0x0000000701c00000,0x0000000701c02000,0x0000000709c00000)
 Metaspace       used 9875K, capacity 10008K, committed 10240K, reserved 1058816K
  class space    used 1198K, capacity 1247K, committed 1280K, reserved 1048576K
}

Deoptimization events (10 events):
Event: 1.498 Thread 0x00000000035b2800 Uncommon trap: reason=unstable_if action=reinterpret pc=0x00000000039b0e70 method=sun.nio.cs.StreamDecoder.implRead([CII)I @ 197
Event: 1.529 Thread 0x00000000035b2800 Uncommon trap: reason=unstable_if action=reinterpret pc=0x00000000039c95b8 method=org.codehaus.plexus.util.xml.pull.MXParser.nextImpl()I @ 241
Event: 1.604 Thread 0x00000000035b2800 Uncommon trap: reason=range_check action=make_not_entrant pc=0x0000000003a1d5e8 method=sun.reflect.generics.parser.SignatureParser.current()C @ 34
Event: 1.608 Thread 0x00000000035b2800 Uncommon trap: reason=unstable_if action=reinterpret pc=0x0000000003921810 method=java.util.HashMap.getNode(ILjava/lang/Object;)Ljava/util/HashMap$Node; @ 129
Event: 1.608 Thread 0x00000000035b2800 Uncommon trap: reason=class_check action=maybe_recompile pc=0x00000000039ed77c method=java.util.HashMap.putVal(ILjava/lang/Object;Ljava/lang/Object;ZZ)Ljava/lang/Object; @ 203
Event: 1.608 Thread 0x00000000035b2800 Uncommon trap: reason=unstable_if action=reinterpret pc=0x0000000003924750 method=java.util.HashMap.getNode(ILjava/lang/Object;)Ljava/util/HashMap$Node; @ 129
Event: 1.701 Thread 0x00000000035b2800 Uncommon trap: reason=class_check action=maybe_recompile pc=0x00000000039ed77c method=java.util.HashMap.putVal(ILjava/lang/Object;Ljava/lang/Object;ZZ)Ljava/lang/Object; @ 203
Event: 1.802 Thread 0x00000000035b2800 Uncommon trap: reason=unstable_if action=reinterpret pc=0x0000000003a62ef4 method=java.lang.String.lastIndexOf([CII[CIII)I @ 118
Event: 2.077 Thread 0x00000000035b2800 Uncommon trap: reason=class_check action=maybe_recompile pc=0x00000000039ed77c method=java.util.HashMap.putVal(ILjava/lang/Object;Ljava/lang/Object;ZZ)Ljava/lang/Object; @ 203
Event: 2.077 Thread 0x00000000035b2800 Uncommon trap: reason=class_check action=maybe_recompile pc=0x00000000039ed77c method=java.util.HashMap.putVal(ILjava/lang/Object;Ljava/lang/Object;ZZ)Ljava/lang/Object; @ 203

Classes redefined (0 events):
No events

Internal exceptions (10 events):
Event: 0.482 Thread 0x00000000035b2800 Exception <a 'java/security/PrivilegedActionException'> (0x0000000780f463d8) thrown at [C:\re\workspace\8-2-build-windows-amd64-cygwin\jdk8u161\10277\hotspot\src\share\vm\prims\jvm.cpp, line 1390]
Event: 1.299 Thread 0x00000000035b2800 Exception <a 'java/lang/ArrayIndexOutOfBoundsException'> (0x000000078238c228) thrown at [C:\re\workspace\8-2-build-windows-amd64-cygwin\jdk8u161\10277\hotspot\src\share\vm\runtime\sharedRuntime.cpp, line 605]
Event: 1.302 Thread 0x00000000035b2800 Exception <a 'java/lang/ArrayIndexOutOfBoundsException'> (0x00000007823b0b70) thrown at [C:\re\workspace\8-2-build-windows-amd64-cygwin\jdk8u161\10277\hotspot\src\share\vm\runtime\sharedRuntime.cpp, line 605]
Event: 1.311 Thread 0x00000000035b2800 Exception <a 'java/lang/ArrayIndexOutOfBoundsException'> (0x000000078241cc00) thrown at [C:\re\workspace\8-2-build-windows-amd64-cygwin\jdk8u161\10277\hotspot\src\share\vm\runtime\sharedRuntime.cpp, line 605]
Event: 1.537 Thread 0x00000000035b2800 Exception <a 'java/lang/ArrayIndexOutOfBoundsException'> (0x00000007830502b8) thrown at [C:\re\workspace\8-2-build-windows-amd64-cygwin\jdk8u161\10277\hotspot\src\share\vm\runtime\sharedRuntime.cpp, line 605]
Event: 1.538 Thread 0x00000000035b2800 Exception <a 'java/lang/ArrayIndexOutOfBoundsException'> (0x0000000783054c00) thrown at [C:\re\workspace\8-2-build-windows-amd64-cygwin\jdk8u161\10277\hotspot\src\share\vm\runtime\sharedRuntime.cpp, line 605]
Event: 1.604 Thread 0x00000000035b2800 Exception <a 'java/lang/ArrayIndexOutOfBoundsException': 66> (0x000000078336b8b8) thrown at [C:\re\workspace\8-2-build-windows-amd64-cygwin\jdk8u161\10277\hotspot\src\share\vm\interpreter\interpreterRuntime.cpp, line 366]
Event: 2.176 Thread 0x00000000035b2800 Exception <a 'java/lang/NoClassDefFoundError': com/google/inject/servlet/ServletModuleTargetVisitor> (0x0000000782c1b3e8) thrown at [C:\re\workspace\8-2-build-windows-amd64-cygwin\jdk8u161\10277\hotspot\src\share\vm\classfile\systemDictionary.cpp, line 19
Event: 2.176 Thread 0x00000000035b2800 Exception <a 'java/lang/NoClassDefFoundError'> (0x0000000782c1b3e8) thrown at [C:\re\workspace\8-2-build-windows-amd64-cygwin\jdk8u161\10277\hotspot\src\share\vm\prims\jvm.cpp, line 1394]
Event: 2.176 Thread 0x00000000035b2800 Exception <a 'java/lang/NoClassDefFoundError': javax/annotation/Priority> (0x0000000782c1ffb0) thrown at [C:\re\workspace\8-2-build-windows-amd64-cygwin\jdk8u161\10277\hotspot\src\share\vm\classfile\systemDictionary.cpp, line 199]

Events (10 events):
Event: 2.340 loading class org/apache/maven/execution/MojoExecutionListener
Event: 2.340 loading class org/apache/maven/execution/MojoExecutionListener done
Event: 2.340 loading class org/apache/maven/execution/scope/internal/MojoExecutionScope
Event: 2.340 loading class org/apache/maven/execution/scope/internal/MojoExecutionScope done
Event: 2.340 loading class org/apache/maven/plugin/LegacySupport
Event: 2.340 loading class org/apache/maven/plugin/LegacySupport done
Event: 2.340 loading class org/apache/maven/plugin/MavenPluginManager
Event: 2.340 loading class org/apache/maven/plugin/MavenPluginManager done
Event: 2.340 loading class org/apache/maven/plugin/CompoundMojoExecutionListener
Event: 2.340 loading class org/apache/maven/plugin/CompoundMojoExecutionListener done


Dynamic libraries:
0x00007ff74e100000 - 0x00007ff74e137000 	C:\Program Files\Java\jdk1.8.0_161\bin\java.exe
0x00007ff808440000 - 0x00007ff808621000 	C:\WINDOWS\SYSTEM32\ntdll.dll
0x00007ff805aa0000 - 0x00007ff805b51000 	C:\WINDOWS\System32\KERNEL32.DLL
0x00007ff804ad0000 - 0x00007ff804d43000 	C:\WINDOWS\System32\KERNELBASE.dll
0x00007ff8076b0000 - 0x00007ff807751000 	C:\WINDOWS\System32\ADVAPI32.dll
0x00007ff8058c0000 - 0x00007ff80595e000 	C:\WINDOWS\System32\msvcrt.dll
0x00007ff8083b0000 - 0x00007ff80840b000 	C:\WINDOWS\System32\sechost.dll
0x00007ff808280000 - 0x00007ff8083a4000 	C:\WINDOWS\System32\RPCRT4.dll
0x00007ff807bc0000 - 0x00007ff807d50000 	C:\WINDOWS\System32\USER32.dll
0x00007ff804ff0000 - 0x00007ff805010000 	C:\WINDOWS\System32\win32u.dll
0x00007ff8081a0000 - 0x00007ff8081c8000 	C:\WINDOWS\System32\GDI32.dll
0x00007ff8048d0000 - 0x00007ff804a61000 	C:\WINDOWS\System32\gdi32full.dll
0x00007ff805110000 - 0x00007ff8051af000 	C:\WINDOWS\System32\msvcp_win.dll
0x00007ff805010000 - 0x00007ff805108000 	C:\WINDOWS\System32\ucrtbase.dll
0x00007ffff99b0000 - 0x00007ffff9c19000 	C:\WINDOWS\WinSxS\amd64_microsoft.windows.common-controls_6595b64144ccf1df_6.0.17134.1067_none_d401a3eb7c8ebdea\COMCTL32.dll
0x00007ff807840000 - 0x00007ff807b61000 	C:\WINDOWS\System32\combase.dll
0x00007ff804850000 - 0x00007ff8048c9000 	C:\WINDOWS\System32\bcryptPrimitives.dll
0x00007ff807b90000 - 0x00007ff807bbd000 	C:\WINDOWS\System32\IMM32.DLL
0x0000000072e50000 - 0x0000000072f22000 	C:\Program Files\Java\jdk1.8.0_161\jre\bin\msvcr100.dll
0x00000000725b0000 - 0x0000000072e4f000 	C:\Program Files\Java\jdk1.8.0_161\jre\bin\server\jvm.dll
0x00007ff805960000 - 0x00007ff805968000 	C:\WINDOWS\System32\PSAPI.DLL
0x00007ff803330000 - 0x00007ff80333a000 	C:\WINDOWS\SYSTEM32\VERSION.dll
0x00007ffff9c30000 - 0x00007ffff9c39000 	C:\WINDOWS\SYSTEM32\WSOCK32.dll
0x00007ff802550000 - 0x00007ff802573000 	C:\WINDOWS\SYSTEM32\WINMM.dll
0x00007ff8075d0000 - 0x00007ff80763c000 	C:\WINDOWS\System32\WS2_32.dll
0x00007ff802520000 - 0x00007ff80254a000 	C:\WINDOWS\SYSTEM32\WINMMBASE.dll
0x00007ff804800000 - 0x00007ff804849000 	C:\WINDOWS\System32\cfgmgr32.dll
0x00000000725a0000 - 0x00000000725af000 	C:\Program Files\Java\jdk1.8.0_161\jre\bin\verify.dll
0x0000000072570000 - 0x0000000072599000 	C:\Program Files\Java\jdk1.8.0_161\jre\bin\java.dll
0x0000000072480000 - 0x00000000724a3000 	C:\Program Files\Java\jdk1.8.0_161\jre\bin\instrument.dll
0x0000000072550000 - 0x0000000072566000 	C:\Program Files\Java\jdk1.8.0_161\jre\bin\zip.dll
0x00007ff806000000 - 0x00007ff807444000 	C:\WINDOWS\System32\SHELL32.dll
0x00007ff8081d0000 - 0x00007ff808279000 	C:\WINDOWS\System32\shcore.dll
0x00007ff8051b0000 - 0x00007ff8058c0000 	C:\WINDOWS\System32\windows.storage.dll
0x00007ff807760000 - 0x00007ff8077b1000 	C:\WINDOWS\System32\shlwapi.dll
0x00007ff8047e0000 - 0x00007ff8047f1000 	C:\WINDOWS\System32\kernel.appcore.dll
0x00007ff8047c0000 - 0x00007ff8047df000 	C:\WINDOWS\System32\profapi.dll
0x00007ff804740000 - 0x00007ff80478c000 	C:\WINDOWS\System32\powrprof.dll
0x00007ff8047b0000 - 0x00007ff8047ba000 	C:\WINDOWS\System32\FLTLIB.DLL
0x00007ffffbba0000 - 0x00007ffffbbba000 	E:\idea1.8\IntelliJ IDEA 2019.2.1\bin\breakgen64.dll
0x0000000072530000 - 0x000000007254a000 	C:\Program Files\Java\jdk1.8.0_161\jre\bin\net.dll
0x00007ff803fc0000 - 0x00007ff804026000 	C:\WINDOWS\system32\mswsock.dll
0x00007ff804170000 - 0x00007ff804187000 	C:\WINDOWS\SYSTEM32\CRYPTSP.dll
0x00007ff803b70000 - 0x00007ff803ba3000 	C:\WINDOWS\system32\rsaenh.dll
0x00007ff8042a0000 - 0x00007ff8042c5000 	C:\WINDOWS\SYSTEM32\bcrypt.dll
0x00007ff804640000 - 0x00007ff804668000 	C:\WINDOWS\SYSTEM32\USERENV.dll
0x00007ff804190000 - 0x00007ff80419b000 	C:\WINDOWS\SYSTEM32\CRYPTBASE.dll
0x00007ff803d10000 - 0x00007ff803d48000 	C:\WINDOWS\SYSTEM32\IPHLPAPI.DLL
0x00007ff805b60000 - 0x00007ff805b68000 	C:\WINDOWS\System32\NSI.dll
0x00007ffffefe0000 - 0x00007ffffeff6000 	C:\WINDOWS\SYSTEM32\dhcpcsvc6.DLL
0x00007ffffef70000 - 0x00007ffffef8a000 	C:\WINDOWS\SYSTEM32\dhcpcsvc.DLL
0x0000000072500000 - 0x0000000072511000 	C:\Program Files\Java\jdk1.8.0_161\jre\bin\nio.dll
0x00007ff800320000 - 0x00007ff80032a000 	C:\Users\shinelon\AppData\Local\Temp\jansi-1.17.1-2516530305865494856.dll
0x00007ff8002a0000 - 0x00007ff8002aa000 	C:\Users\shinelon\AppData\Local\Temp\jansi-1.17.1-9131389107396363366.dll

VM Arguments:
jvm_args: -Dmaven.multiModuleProjectDirectory=E:\sz78\health_parent -Dmaven.home=E:\Tomcat\maven\apache-maven-3.5.4 -Dclassworlds.conf=E:\Tomcat\maven\apache-maven-3.5.4\bin\m2.conf -Dmaven.ext.class.path=E:\idea1.8\IntelliJ IDEA 2019.2.1\plugins\maven\lib\maven-event-listener.jar -javaagent:E:\idea1.8\IntelliJ IDEA 2019.2.1\lib\idea_rt.jar=55941:E:\idea1.8\IntelliJ IDEA 2019.2.1\bin -Dfile.encoding=UTF-8 
java_command: org.codehaus.classworlds.Launcher -Didea.version2019.2.1 -s E:\Tomcat\maven\apache-maven-3.5.4\conf\settings.xml -Dmaven.repo.local=E:\Tomcat\maven1\repository clean
java_class_path (initial): E:\Tomcat\maven\apache-maven-3.5.4\boot\plexus-classworlds-2.5.2.jar;E:\idea1.8\IntelliJ IDEA 2019.2.1\lib\idea_rt.jar
Launcher Type: SUN_STANDARD

Environment Variables:
JAVA_HOME=C:\Program Files\Java\jdk1.8.0_161
PATH=E:\Tomcat\maven\apache-maven-3.5.4\bin;C:\Program Files\Java\jdk1.8.0_161\bin;C:\Program Files (x86)\Common Files\Oracle\Java\javapath;C:\ProgramData\Oracle\Java\javapath;C:\WINDOWS\system32;E:\Mysqlanzhuang\bin;E:\Tomcat\SecureCRT\;C:\Users\shinelon\AppData\Local\Microsoft\WindowsApps;C:\Program Files\Bandizip\;
USERNAME=shinelon
OS=Windows_NT
PROCESSOR_IDENTIFIER=Intel64 Family 6 Model 158 Stepping 9, GenuineIntel



---------------  S Y S T E M  ---------------

OS: Windows 10.0 , 64 bit Build 17134 (10.0.17134.753)

CPU:total 4 (initial active 4) (2 cores per cpu, 2 threads per core) family 6 model 158 stepping 9, cmov, cx8, fxsr, mmx, sse, sse2, sse3, ssse3, sse4.1, sse4.2, popcnt, aes, clmul, erms, 3dnowpref, lzcnt, ht, tsc, tscinvbit

Memory: 4k page, physical 12466544k(4629484k free), swap 12466544k(5160k free)

vm_info: Java HotSpot(TM) 64-Bit Server VM (25.161-b12) for windows-amd64 JRE (1.8.0_161-b12), built on Dec 19 2017 17:52:25 by "java_re" with MS VC++ 10.0 (VS2010)

time: Tue Nov 12 16:00:15 2019
elapsed time: 2 seconds (0d 0h 0m 2s)

